Log file created at: 2019/07/02 14:45:07
Running on machine: live2.sanhai
Log line format: [IWEF]mmdd hh:mm:ss.uuuuuu threadid file:line] msg
E0702 14:45:07.808641 31095 webserver.cpp:155] 接口返回数据异常 ret:-1  错误信息:
### Error updating database.  Cause: java.sql.SQLIntegrityConstraintViolationException: Duplicate entry 'LIVE合成-http://192.168.1.206:8082/muxer/mergefile' for key 'IDX_server_info_np'
### The error may involve com.dbr.eduLive.Dao.ServiceDao.serverInsert-Inline
### The error occurred while setting parameters
### SQL: insert into server_info    (      netFlag    ,     serverType    ,     serverName    ,     serverApi    )    values    (      ?    ,     ?    ,     ?    ,     ?    )
### Cause: java.sql.SQLIntegrityConstraintViolationException: Duplicate entry 'LIVE合成-http://192.168.1.206:8082/muxer/mergefile' for key 'IDX_server_info_np'
; SQL []; Duplicate entry 'LIVE合成-http://192.168.1.206:8082/muxer/mergefile' for key 'IDX_server_info_np'; nested exception is java.sql.SQLIntegrityConstraintViolationException: Duplicate entry 'LIVE合成-http://192.168.1.206:8082/muxer/mergefile' for key 'IDX_server_info_np'
E0702 14:45:07.810573 31095 webserver.cpp:376] 解析注册录制 数据失败 main_ret:-1
I0702 14:45:07.816524 31099 webserver.cpp:189] 合成服务已启动 on port:8082
I0702 14:45:07.821982 31095 CThreadPool.cpp:104] 线程池已启动 10 个线程
I0702 14:45:07.822507 31095 webserver.cpp:437] server start: main_ret:0
I0702 14:45:15.851693 31099 webserver.cpp:24] Get Url:/muxer/mergefile
I0702 14:45:15.851850 31099 webserver.cpp:52] 解析参数 livID:100120190330gEdVJz8U
I0702 14:45:15.852031 31100 webserver.cpp:93] 管理线程获取参数 直播ID:100120190330gEdVJz8U
I0702 14:45:15.852246 31108 CThreadPool.cpp:50]  开始执行任务 liveID:100120190330gEdVJz8U
I0702 14:45:15.961572 31099 webserver.cpp:24] Get Url:/favicon.ico
E0702 14:45:15.961594 31099 webserver.cpp:56] Methond ERROR
I0702 14:45:17.167280 31108 MergeRunable.cpp:21] 执行任务 liveID:100120190330gEdVJz8U  合成成功  rescode:0
I0702 14:45:17.167309 31108 MergeRunable.cpp:47] UpdataMergeUrl:http://192.168.1.205:8080/live/live_update?liveId=100120190330gEdVJz8U&mixFlag=1&operateId=test
I0702 14:45:18.326926 31108 MergeRunable.cpp:71] 执行任务 liveID:100120190330gEdVJz8U  上传合成状态成功
I0702 14:45:18.327175 31108 CThreadPool.cpp:58]  执行任务 liveID:100120190330gEdVJz8U  完成
I0702 16:14:31.751148 31099 webserver.cpp:24] Get Url:/muxer/mergefile
I0702 16:14:31.751267 31099 webserver.cpp:52] 解析参数 livID:100120190330gEdVJz8U
I0702 16:14:31.751410 31100 webserver.cpp:93] 管理线程获取参数 直播ID:100120190330gEdVJz8U
I0702 16:14:31.751586 31106 CThreadPool.cpp:50]  开始执行任务 liveID:100120190330gEdVJz8U
I0702 16:14:32.759188 31099 webserver.cpp:24] Get Url:/favicon.ico
E0702 16:14:32.759227 31099 webserver.cpp:56] Methond ERROR
I0702 16:14:36.765787 31106 MergeRunable.cpp:21] 执行任务 liveID:100120190330gEdVJz8U  合成成功  rescode:0
I0702 16:14:36.765820 31106 MergeRunable.cpp:47] UpdataMergeUrl:http://192.168.1.205:8080/live/live_update?liveId=100120190330gEdVJz8U&mixFlag=1&operateId=test
I0702 16:14:37.876463 31106 MergeRunable.cpp:71] 执行任务 liveID:100120190330gEdVJz8U  上传合成状态成功
I0702 16:14:37.876647 31106 CThreadPool.cpp:58]  执行任务 liveID:100120190330gEdVJz8U  完成
