Log file created at: 2019/07/03 09:46:39
Running on machine: live2.sanhai
Log line format: [IWEF]mmdd hh:mm:ss.uuuuuu threadid file:line] msg
E0703 09:46:39.271026 27816 webserver.cpp:155] 接口返回数据异常 ret:-1  错误信息:
### Error updating database.  Cause: java.sql.SQLIntegrityConstraintViolationException: Duplicate entry 'LIVE合成-http://192.168.1.206:8082/muxer/mergefile' for key 'IDX_server_info_np'
### The error may involve com.dbr.eduLive.Dao.ServiceDao.serverInsert-Inline
### The error occurred while setting parameters
### SQL: insert into server_info    (      netFlag    ,     serverType    ,     serverName    ,     serverApi    )    values    (      ?    ,     ?    ,     ?    ,     ?    )
### Cause: java.sql.SQLIntegrityConstraintViolationException: Duplicate entry 'LIVE合成-http://192.168.1.206:8082/muxer/mergefile' for key 'IDX_server_info_np'
; SQL []; Duplicate entry 'LIVE合成-http://192.168.1.206:8082/muxer/mergefile' for key 'IDX_server_info_np'; nested exception is java.sql.SQLIntegrityConstraintViolationException: Duplicate entry 'LIVE合成-http://192.168.1.206:8082/muxer/mergefile' for key 'IDX_server_info_np'
E0703 09:46:39.273631 27816 webserver.cpp:376] 解析注册录制 数据失败 main_ret:-1
I0703 09:46:39.283015 27820 webserver.cpp:189] 合成服务已启动 on port:8082
I0703 09:46:39.299880 27816 CThreadPool.cpp:104] 线程池已启动 10 个线程
I0703 09:46:39.301774 27816 webserver.cpp:437] server start: main_ret:0
I0703 09:47:01.417306 27820 webserver.cpp:24] Get Url:/live/record
E0703 09:47:01.417443 27820 webserver.cpp:56] Methond ERROR
I0703 09:47:51.251263 27820 webserver.cpp:24] Get Url:/muxer/mergefile
I0703 09:47:51.251431 27820 webserver.cpp:52] 解析参数 livID:100120190330gEdVJz8U
I0703 09:47:51.251610 27821 webserver.cpp:93] 管理线程获取参数 直播ID:100120190330gEdVJz8U
I0703 09:47:51.251832 27829 CThreadPool.cpp:50]  开始执行任务 liveID:100120190330gEdVJz8U
I0703 09:47:51.454237 27820 webserver.cpp:24] Get Url:/favicon.ico
E0703 09:47:51.454265 27820 webserver.cpp:56] Methond ERROR
I0703 09:48:06.430145 27829 MergeRunable.cpp:21] 执行任务 liveID:100120190330gEdVJz8U  合成成功  rescode:0
I0703 09:48:06.430179 27829 MergeRunable.cpp:47] UpdataMergeUrl:http://192.168.1.205:8080/live/live_update?liveId=100120190330gEdVJz8U&mixFlag=1&operateId=test
I0703 09:48:07.585958 27829 MergeRunable.cpp:71] 执行任务 liveID:100120190330gEdVJz8U  上传合成状态成功
I0703 09:48:07.586190 27829 CThreadPool.cpp:58]  执行任务 liveID:100120190330gEdVJz8U  完成
I0703 11:00:43.215674 27820 webserver.cpp:24] Get Url:/muxer/mergefile
I0703 11:00:43.215826 27820 webserver.cpp:52] 解析参数 livID:100120190330gEdVJz8U
I0703 11:00:43.215931 27821 webserver.cpp:93] 管理线程获取参数 直播ID:100120190330gEdVJz8U
I0703 11:00:43.216150 27831 CThreadPool.cpp:50]  开始执行任务 liveID:100120190330gEdVJz8U
I0703 11:00:43.250298 27820 webserver.cpp:24] Get Url:/favicon.ico
E0703 11:00:43.250334 27820 webserver.cpp:56] Methond ERROR
I0703 11:00:46.084547 27831 MergeRunable.cpp:21] 执行任务 liveID:100120190330gEdVJz8U  合成成功  rescode:0
I0703 11:00:46.084578 27831 MergeRunable.cpp:47] UpdataMergeUrl:http://192.168.1.205:8080/live/live_update?liveId=100120190330gEdVJz8U&mixFlag=1&operateId=test
I0703 11:00:47.176376 27831 MergeRunable.cpp:71] 执行任务 liveID:100120190330gEdVJz8U  上传合成状态成功
I0703 11:00:47.176661 27831 CThreadPool.cpp:58]  执行任务 liveID:100120190330gEdVJz8U  完成
I0703 11:18:12.180449 27820 webserver.cpp:24] Get Url:/muxer/mergefile
I0703 11:18:12.180577 27820 webserver.cpp:52] 解析参数 livID:100120190330gEdVJz8U
I0703 11:18:12.180696 27821 webserver.cpp:93] 管理线程获取参数 直播ID:100120190330gEdVJz8U
I0703 11:18:12.180905 27828 CThreadPool.cpp:50]  开始执行任务 liveID:100120190330gEdVJz8U
I0703 11:18:12.263871 27820 webserver.cpp:24] Get Url:/favicon.ico
E0703 11:18:12.263907 27820 webserver.cpp:56] Methond ERROR
I0703 11:18:15.055781 27828 MergeRunable.cpp:21] 执行任务 liveID:100120190330gEdVJz8U  合成成功  rescode:0
I0703 11:18:15.055819 27828 MergeRunable.cpp:47] UpdataMergeUrl:http://192.168.1.205:8080/live/live_update?liveId=100120190330gEdVJz8U&mixFlag=1&operateId=test
I0703 11:18:16.173249 27828 MergeRunable.cpp:71] 执行任务 liveID:100120190330gEdVJz8U  上传合成状态成功
I0703 11:18:16.173518 27828 CThreadPool.cpp:58]  执行任务 liveID:100120190330gEdVJz8U  完成
I0703 16:59:48.190191 27820 webserver.cpp:24] Get Url:/live/record
E0703 16:59:48.190881 27820 webserver.cpp:56] Methond ERROR
I0703 16:59:48.398296 27820 webserver.cpp:24] Get Url:/favicon.ico
E0703 16:59:48.398414 27820 webserver.cpp:56] Methond ERROR
I0703 16:59:56.344544 27820 webserver.cpp:24] Get Url:/live/record
E0703 16:59:56.344640 27820 webserver.cpp:56] Methond ERROR
I0703 16:59:56.422741 27820 webserver.cpp:24] Get Url:/favicon.ico
E0703 16:59:56.422839 27820 webserver.cpp:56] Methond ERROR
